  Building Custom Rule C:/Users/Toad/Documents/VT49/qu3e-master/freeglut/CMakeLists.txt
  CMake does not need to re-run because C:/Users/Toad/Documents/VT49/qtbin/freeglut/CMakeFiles/generate.stamp is up-to-date.
  freeglut_callbacks.c
  freeglut_cursor.c
  freeglut_display.c
  freeglut_ext.c
  freeglut_font_data.c
  freeglut_font.c
  freeglut_gamemode.c
  freeglut_geometry.c
  freeglut_glutfont_definitions.c
  freeglut_init.c
  freeglut_input_devices.c
  freeglut_joystick.c
  freeglut_main.c
  freeglut_menu.c
  freeglut_misc.c
  freeglut_overlay.c
  freeglut_spaceball.c
  freeglut_state.c
  freeglut_stroke_mono_roman.c
  freeglut_stroke_roman.c
  Generating Code...
  Compiling...
  freeglut_structure.c
  freeglut_teapot.c
  freeglut_videoresize.c
  freeglut_window.c
  Generating Code...
  freeglut_static.vcxproj -> C:\Users\Toad\Documents\VT49\qu3e-master\lib\Release\freeglut_static.lib
